<?xml version="1.0" encoding="UTF-8"?>
<!-- Generated by org.testng.reporters.JUnitXMLReporter -->
<testsuite hostname="DESKTOP-L7F4APK" ignored="0" name="用户管理系统测试用例" tests="7" failures="1" timestamp="05 十二月 2020 10:22:16 GMT" time="17.912" errors="0">
  <testcase name="loginTrue" time="1.575" classname="com.course.cases.LoginTest"/>
  <testcase name="loginFalse" time="0.017" classname="com.course.cases.LoginTest"/>
  <testcase name="addUser" time="4.041" classname="com.course.cases.AddUserTest">
    <failure type="org.apache.ibatis.exceptions.TooManyResultsException" message="Expected one result (or null) to be returned by selectOne(), but found: 3">
      <![CDATA[org.apache.ibatis.exceptions.TooManyResultsException: Expected one result (or null) to be returned by selectOne(), but found: 3
at org.apache.ibatis.session.defaults.DefaultSqlSession.selectOne(DefaultSqlSession.java:81)
at com.course.cases.AddUserTest.addUser(AddUserTest.java:42)
at com.sun.proxy.$Proxy0.invoke(Unknown Source)
... Removed 33 stack frames]]>
    </failure>
  </testcase> <!-- addUser -->
  <testcase name="getUserInfo" time="4.122" classname="com.course.cases.GetUserInfoTest"/>
  <testcase name="updateUserInfo" time="3.031" classname="com.course.cases.UpdateUserInfoTest"/>
  <testcase name="deleteUser" time="3.009" classname="com.course.cases.UpdateUserInfoTest"/>
  <testcase name="getUserListInfo" time="2.015" classname="com.course.cases.GetUserInfoListTest"/>
</testsuite> <!-- 用户管理系统测试用例 -->
