<?xml version="1.0" encoding="UTF-8"?>
<testng-results skipped="0" failed="1" ignored="0" total="7" passed="6">
  <reporter-output>
  </reporter-output>
  <suite name="用户管理系统测试套件" duration-ms="17912" started-at="2020-12-05T10:21:58Z" finished-at="2020-12-05T10:22:16Z">
    <groups>
      <group name="loginTrue">
        <method signature="LoginTest.loginTrue()[pri:0, instance:com.course.cases.LoginTest@3796751b]" name="loginTrue" class="com.course.cases.LoginTest"/>
      </group> <!-- loginTrue -->
    </groups>
    <test name="用户管理系统测试用例" duration-ms="17912" started-at="2020-12-05T10:21:58Z" finished-at="2020-12-05T10:22:16Z">
      <class name="com.course.cases.UpdateUserInfoTest">
        <test-method status="PASS" signature="updateUserInfo()[pri:0, instance:com.course.cases.UpdateUserInfoTest@6442b0a6]" name="updateUserInfo" duration-ms="3031" depends-on-groups="loginTrue" started-at="2020-12-05T10:22:08Z" description="更改用户信息" finished-at="2020-12-05T10:22:11Z">
          <reporter-output>
          </reporter-output>
        </test-method> <!-- updateUserInfo -->
        <test-method status="PASS" signature="deleteUser()[pri:0, instance:com.course.cases.UpdateUserInfoTest@6442b0a6]" name="deleteUser" duration-ms="3009" depends-on-groups="loginTrue" started-at="2020-12-05T10:22:11Z" description="删除用户" finished-at="2020-12-05T10:22:14Z">
          <reporter-output>
          </reporter-output>
        </test-method> <!-- deleteUser -->
      </class> <!-- com.course.cases.UpdateUserInfoTest -->
      <class name="com.course.cases.LoginTest">
        <test-method status="PASS" signature="beforeTest()[pri:0, instance:com.course.cases.LoginTest@3796751b]" name="beforeTest" is-config="true" duration-ms="80" started-at="2020-12-05T10:21:58Z" description="测试准备工作,获取HttpClient对象" finished-at="2020-12-05T10:21:58Z">
          <reporter-output>
          </reporter-output>
        </test-method> <!-- beforeTest -->
        <test-method status="PASS" signature="loginTrue()[pri:0, instance:com.course.cases.LoginTest@3796751b]" name="loginTrue" duration-ms="1575" started-at="2020-12-05T10:21:58Z" description="用户成功登陆接口" finished-at="2020-12-05T10:22:00Z">
          <reporter-output>
          </reporter-output>
        </test-method> <!-- loginTrue -->
        <test-method status="PASS" signature="loginFalse()[pri:0, instance:com.course.cases.LoginTest@3796751b]" name="loginFalse" duration-ms="17" started-at="2020-12-05T10:22:00Z" description="用户登陆失败接口" finished-at="2020-12-05T10:22:00Z">
          <reporter-output>
          </reporter-output>
        </test-method> <!-- loginFalse -->
      </class> <!-- com.course.cases.LoginTest -->
      <class name="com.course.cases.GetUserInfoTest">
        <test-method status="PASS" signature="getUserInfo()[pri:0, instance:com.course.cases.GetUserInfoTest@4411d970]" name="getUserInfo" duration-ms="4122" depends-on-groups="loginTrue" started-at="2020-12-05T10:22:04Z" description="获取userId为1的用户信息" finished-at="2020-12-05T10:22:08Z">
          <reporter-output>
          </reporter-output>
        </test-method> <!-- getUserInfo -->
      </class> <!-- com.course.cases.GetUserInfoTest -->
      <class name="com.course.cases.GetUserInfoListTest">
        <test-method status="PASS" signature="getUserListInfo()[pri:0, instance:com.course.cases.GetUserInfoListTest@60f82f98]" name="getUserListInfo" duration-ms="2015" depends-on-groups="loginTrue" started-at="2020-12-05T10:22:14Z" description="获取性别为男的用户信息" finished-at="2020-12-05T10:22:16Z">
          <reporter-output>
          </reporter-output>
        </test-method> <!-- getUserListInfo -->
      </class> <!-- com.course.cases.GetUserInfoListTest -->
      <class name="com.course.cases.AddUserTest">
        <test-method status="FAIL" signature="addUser()[pri:0, instance:com.course.cases.AddUserTest@67b64c45]" name="addUser" duration-ms="4041" depends-on-groups="loginTrue" started-at="2020-12-05T10:22:00Z" description="添加用户接口接口" finished-at="2020-12-05T10:22:04Z">
          <exception class="org.apache.ibatis.exceptions.TooManyResultsException">
            <message>
              <![CDATA[Expected one result (or null) to be returned by selectOne(), but found: 3]]>
            </message>
            <full-stacktrace>
              <![CDATA[org.apache.ibatis.exceptions.TooManyResultsException: Expected one result (or null) to be returned by selectOne(), but found: 3
at org.apache.ibatis.session.defaults.DefaultSqlSession.selectOne(DefaultSqlSession.java:81)
at com.course.cases.AddUserTest.addUser(AddUserTest.java:42)
at sun.reflect.NativeMethodAccessorImpl.invoke0(Native Method)
at sun.reflect.NativeMethodAccessorImpl.invoke(NativeMethodAccessorImpl.java:62)
at sun.reflect.DelegatingMethodAccessorImpl.invoke(DelegatingMethodAccessorImpl.java:43)
at java.lang.reflect.Method.invoke(Method.java:498)
at org.testng.internal.MethodInvocationHelper.invokeMethod(MethodInvocationHelper.java:124)
at org.testng.internal.Invoker.invokeMethod(Invoker.java:583)
at org.testng.internal.Invoker.invokeTestMethod(Invoker.java:719)
at org.testng.internal.Invoker.invokeTestMethods(Invoker.java:989)
at org.testng.internal.TestMethodWorker.invokeTestMethods(TestMethodWorker.java:125)
at org.testng.internal.TestMethodWorker.run(TestMethodWorker.java:109)
at org.testng.TestRunner.privateRun(TestRunner.java:648)
at org.testng.TestRunner.run(TestRunner.java:505)
at org.testng.SuiteRunner.runTest(SuiteRunner.java:455)
at org.testng.SuiteRunner.runSequentially(SuiteRunner.java:450)
at org.testng.SuiteRunner.privateRun(SuiteRunner.java:415)
at org.testng.SuiteRunner.run(SuiteRunner.java:364)
at org.testng.SuiteRunnerWorker.runSuite(SuiteRunnerWorker.java:52)
at org.testng.SuiteRunnerWorker.run(SuiteRunnerWorker.java:84)
at org.testng.TestNG.runSuitesSequentially(TestNG.java:1208)
at org.testng.TestNG.runSuitesLocally(TestNG.java:1137)
at org.testng.TestNG.runSuites(TestNG.java:1049)
at org.testng.TestNG.run(TestNG.java:1017)
at org.apache.maven.surefire.testng.TestNGExecutor.run(TestNGExecutor.java:74)
at org.apache.maven.surefire.testng.TestNGXmlTestSuite.execute(TestNGXmlTestSuite.java:93)
at org.apache.maven.surefire.testng.TestNGProvider.invoke(TestNGProvider.java:101)
at sun.reflect.NativeMethodAccessorImpl.invoke0(Native Method)
at sun.reflect.NativeMethodAccessorImpl.invoke(NativeMethodAccessorImpl.java:62)
at sun.reflect.DelegatingMethodAccessorImpl.invoke(DelegatingMethodAccessorImpl.java:43)
at java.lang.reflect.Method.invoke(Method.java:498)
at org.apache.maven.surefire.booter.ProviderFactory$ClassLoaderProxy.invoke(ProviderFactory.java:103)
at com.sun.proxy.$Proxy0.invoke(Unknown Source)
at org.apache.maven.surefire.booter.SurefireStarter.invokeProvider(SurefireStarter.java:145)
at org.apache.maven.surefire.booter.SurefireStarter.runSuitesInProcess(SurefireStarter.java:87)
at org.apache.maven.surefire.booter.ForkedBooter.main(ForkedBooter.java:69)
]]>
            </full-stacktrace>
          </exception> <!-- org.apache.ibatis.exceptions.TooManyResultsException -->
          <reporter-output>
          </reporter-output>
        </test-method> <!-- addUser -->
      </class> <!-- com.course.cases.AddUserTest -->
    </test> <!-- 用户管理系统测试用例 -->
  </suite> <!-- 用户管理系统测试套件 -->
</testng-results>
