<?xml version="1.0" encoding="UTF-8" ?>
<testsuite tests="7" failures="1" name="TestSuite" time="18.757" errors="0" skipped="0">
  <properties>
[...]
</properties>
  <testcase classname="com.course.cases.LoginTest" name="loginTrue" time="1.575"/>
  <testcase classname="com.course.cases.LoginTest" name="loginFalse" time="0.017"/>
  <testcase classname="com.course.cases.AddUserTest" name="addUser" time="4.041">
    <failure message="Expected one result (or null) to be returned by selectOne(), but found: 3" type="org.apache.ibatis.exceptions.TooManyResultsException">org.apache.ibatis.exceptions.TooManyResultsException: Expected one result (or null) to be returned by selectOne(), but found: 3
	at org.apache.ibatis.session.defaults.DefaultSqlSession.selectOne(DefaultSqlSession.java:81)
	at com.course.cases.AddUserTest.addUser(AddUserTest.java:42)
</failure>
    <system-out>- DEBUG ==&gt;  Preparing: select * from addUserCase where id=? 
- DEBUG ==&gt; Parameters: 1(Integer)
- DEBUG &lt;==      Total: 1
AddUserCase(id=1, userName=zhao9, password=zhaozhao, sex=0, age=35, permission=1, isDelete=0, expected=true)
http://localhost:8888/v1/addUser
1
- DEBUG ==&gt;  Preparing: select * from user where userName=? and password=? and sex=? and age=? and permission=? and isDelete=? 
- DEBUG ==&gt; Parameters: zhao9(String), zhaozhao(String), 0(Integer), 35(Integer), 1(Integer), 0(Integer)
- DEBUG &lt;==      Total: 3
</system-out>
  </testcase>
  <testcase classname="com.course.cases.GetUserInfoTest" name="getUserInfo" time="4.123"/>
  <testcase classname="com.course.cases.UpdateUserInfoTest" name="updateUserInfo" time="3.031"/>
  <testcase classname="com.course.cases.UpdateUserInfoTest" name="deleteUser" time="3.009"/>
  <testcase classname="com.course.cases.GetUserInfoListTest" name="getUserListInfo" time="2.015"/>
</testsuite>